 2022-04-18 13:04:57 || [ [32minfo[39m ] â–¶ [32më¡œê·¸ ì¶œë ¥ testìš© middleware[39m
 2022-04-18 13:04:58 || [ [31merror[39m ] â–¶ [31merror ë©”ì‹œì§€[39m
 2022-04-18 13:04:59 || [ [33mwarn[39m ] â–¶ [33mwarn ë©”ì‹œì§€[39m
 2022-04-18 13:04:60 || [ [32minfo[39m ] â–¶ [32minfo ë©”ì‹œì§€[39m
 2022-04-18 13:04:56 || [ [32minfo[39m ] â–¶ [32më¡œê·¸ ì¶œë ¥ testìš© middleware[39m
 2022-04-18 13:04:57 || [ [31merror[39m ] â–¶ [31merror ë©”ì‹œì§€[39m
 2022-04-18 13:04:57 || [ [33mwarn[39m ] â–¶ [33mwarn ë©”ì‹œì§€[39m
 2022-04-18 13:04:57 || [ [32minfo[39m ] â–¶ [32minfo ë©”ì‹œì§€[39m
 2022-04-18 13:04:49 ||  â–¶ [32më¡œê·¸ ì¶œë ¥ testìš© middleware[39m
 2022-04-18 13:04:50 ||  â–¶ [31merror ë©”ì‹œì§€[39m
 2022-04-18 13:04:51 ||  â–¶ [33mwarn ë©”ì‹œì§€[39m
 2022-04-18 13:04:51 ||  â–¶ [32minfo ë©”ì‹œì§€[39m
 2022-04-18 13:04:74 || [ {info.level} ] â–¶ {info.message}
 2022-04-18 13:04:74 || [ {info.level} ] â–¶ {info.message}
 2022-04-18 13:04:74 || [ {info.level} ] â–¶ {info.message}
 2022-04-18 13:04:74 || [ {info.level} ] â–¶ {info.message}
 2022-04-18 13:04:05 || [ [32minfo[39m ] â–¶ {info.message}
 2022-04-18 13:04:07 || [ [31merror[39m ] â–¶ {info.message}
 2022-04-18 13:04:07 || [ [33mwarn[39m ] â–¶ {info.message}
 2022-04-18 13:04:07 || [ [32minfo[39m ] â–¶ {info.message}
 2022-04-18 13:04:13 ||  â–¶ ë¡œê·¸ ì¶œë ¥ testìš© middleware
 2022-04-18 13:04:13 ||  â–¶ error ë©”ì‹œì§€
 2022-04-18 13:04:13 ||  â–¶ warn ë©”ì‹œì§€
 2022-04-18 13:04:13 ||  â–¶ info ë©”ì‹œì§€
 2022-04-18 14:04:53 || [ [32minfo[39m ] â–¶ [32më¡œê·¸ ì¶œë ¥ testìš© middleware[39m
 2022-04-18 14:04:55 || [ [31merror[39m ] â–¶ [31merror ë©”ì‹œì§€[39m
 2022-04-18 14:04:55 || [ [33mwarn[39m ] â–¶ [33mwarn ë©”ì‹œì§€[39m
 2022-04-18 14:04:55 || [ [32minfo[39m ] â–¶ [32minfo ë©”ì‹œì§€[39m
undefined
undefined
undefined
undefined
{"level":"info","message":"ë¡œê·¸ ì¶œë ¥ testìš© middleware"}
{"level":"error","message":"error ë©”ì‹œì§€"}
{"level":"warn","message":"warn ë©”ì‹œì§€"}
{"level":"info","message":"info ë©”ì‹œì§€"}
{"level":"info","message":"ë¡œê·¸ ì¶œë ¥ testìš© middleware"}
{"level":"error","message":"error ë©”ì‹œì§€"}
{"level":"warn","message":"warn ë©”ì‹œì§€"}
{"level":"info","message":"info ë©”ì‹œì§€"}
{"level":"info","message":"ë©”ì¼ ë³´ë‚´ê¸°"}
 2022-04-18 14:04:47 || [ [32minfo[39m ] â–¶ [32më¡œê·¸ ì¶œë ¥ testìš© middleware[39m
 2022-04-18 14:04:48 || [ [31merror[39m ] â–¶ [31merror ë©”ì‹œì§€[39m
 2022-04-18 14:04:48 || [ [33mwarn[39m ] â–¶ [33mwarn ë©”ì‹œì§€[39m
 2022-04-18 14:04:48 || [ [32minfo[39m ] â–¶ [32minfo ë©”ì‹œì§€[39m
 2022-04-18 14:04:56 || [ [32minfo[39m ] â–¶ [32më©”ì¼ ë³´ë‚´ê¸°[39m
 2022-04-18 14:04:61 ||  â–¶ [32më¡œê·¸ ì¶œë ¥ testìš© middleware[39m
 2022-04-18 14:04:63 ||  â–¶ [31merror ë©”ì‹œì§€[39m
 2022-04-18 14:04:64 ||  â–¶ [33mwarn ë©”ì‹œì§€[39m
 2022-04-18 14:04:64 ||  â–¶ [32minfo ë©”ì‹œì§€[39m
 2022-04-18 14:04:71 ||  â–¶ [32më©”ì¼ ë³´ë‚´ê¸°[39m
 2022-04-18 14:04:77 || [ info ] â–¶ ë¡œê·¸ ì¶œë ¥ testìš© middleware
 2022-04-18 14:04:78 || [ error ] â–¶ error ë©”ì‹œì§€
 2022-04-18 14:04:78 || [ warn ] â–¶ warn ë©”ì‹œì§€
 2022-04-18 14:04:78 || [ info ] â–¶ info ë©”ì‹œì§€
 2022-04-18 14:04:85 || [ info ] â–¶ ë©”ì¼ ë³´ë‚´ê¸°
 2022-04-18 14:04:90 || [ info ] â–¶ ë¡œê·¸ ì¶œë ¥ testìš© middleware
 2022-04-18 14:04:91 || [ error ] â–¶ error ë©”ì‹œì§€
 2022-04-18 14:04:91 || [ warn ] â–¶ warn ë©”ì‹œì§€
 2022-04-18 14:04:91 || [ info ] â–¶ info ë©”ì‹œì§€
 2022-04-18 14:04:94 || [ info ] â–¶ ë©”ì¼ ë³´ë‚´ê¸°
 2022-04-18 14:04:24 || [ info ] â–¶ ë¡œê·¸ ì¶œë ¥ testìš© middleware
 2022-04-18 14:04:25 || [ error ] â–¶ error ë©”ì‹œì§€
 2022-04-18 14:04:25 || [ warn ] â–¶ warn ë©”ì‹œì§€
 2022-04-18 14:04:25 || [ info ] â–¶ info ë©”ì‹œì§€
 2022-04-18 14:04:26 || [ info ] â–¶ ë©”ì¼ ë³´ë‚´ê¸°
