 2022-03-21 15:03:53 || [ [31merror[39m ] ▶ [31muncaughtException: Cannot access 'app' before initialization[39m
[31mReferenceError: Cannot access 'app' before initialization[39m
[31m    at Object.<anonymous> (C:\Users\sung ho\Desktop\SWC_SE\app.js:18:1)[39m
[31m    at Module._compile (node:internal/modules/cjs/loader:1101:14)[39m
[31m    at Object.Module._extensions..js (node:internal/modules/cjs/loader:1153:10)[39m
[31m    at Module.load (node:internal/modules/cjs/loader:981:32)[39m
[31m    at Function.Module._load (node:internal/modules/cjs/loader:822:12)[39m
[31m    at Function.executeUserEntryPoint [as runMain] (node:internal/modules/run_main:81:12)[39m
[31m    at node:internal/main/run_main_module:17:47[39m
 2022-03-21 15:03:60 || [ [31merror[39m ] ▶ [31muncaughtException: Cannot access 'app' before initialization[39m
[31mReferenceError: Cannot access 'app' before initialization[39m
[31m    at Object.<anonymous> (C:\Users\sung ho\Desktop\SWC_SE\app.js:18:1)[39m
[31m    at Module._compile (node:internal/modules/cjs/loader:1101:14)[39m
[31m    at Object.Module._extensions..js (node:internal/modules/cjs/loader:1153:10)[39m
[31m    at Module.load (node:internal/modules/cjs/loader:981:32)[39m
[31m    at Function.Module._load (node:internal/modules/cjs/loader:822:12)[39m
[31m    at Function.executeUserEntryPoint [as runMain] (node:internal/modules/run_main:81:12)[39m
[31m    at node:internal/main/run_main_module:17:47[39m
 2022-03-21 15:03:91 || [ [32minfo[39m ] ▶ [32m로그 출력 test용 middleware[39m
 2022-03-21 15:03:93 || [ [31merror[39m ] ▶ [31merror 메시지[39m
 2022-03-21 15:03:93 || [ [33mwarn[39m ] ▶ [33mwarn 메시지[39m
 2022-03-21 15:03:93 || [ [32minfo[39m ] ▶ [32minfo 메시지[39m
 2022-03-21 15:03:32 || [ [32minfo[39m ] ▶ [32m로그 출력 test용 middleware[39m
 2022-03-21 15:03:32 || [ [31merror[39m ] ▶ [31merror 메시지[39m
 2022-03-21 15:03:32 || [ [33mwarn[39m ] ▶ [33mwarn 메시지[39m
 2022-03-21 15:03:32 || [ [32minfo[39m ] ▶ [32minfo 메시지[39m
